<?xml version="1.0" encoding="UTF-8"?>
<testng-results skipped="0" failed="0" ignored="0" total="1" passed="1">
  <reporter-output>
  </reporter-output>
  <suite name="Suite" duration-ms="26844" started-at="2020-04-07T04:51:45Z" finished-at="2020-04-07T04:52:12Z">
    <groups>
      <group name="cucumber">
        <method signature="AbstractTestNGCucumberTests.feature(cucumber.api.testng.CucumberFeatureWrapper)[pri:0, instance:runner.Runner@646be2c3]" name="feature" class="cucumber.api.testng.AbstractTestNGCucumberTests"/>
      </group> <!-- cucumber -->
    </groups>
    <test name="Test" duration-ms="26844" started-at="2020-04-07T04:51:45Z" finished-at="2020-04-07T04:52:12Z">
      <class name="runner.Runner">
        <test-method status="PASS" signature="setUpClass()[pri:0, instance:runner.Runner@646be2c3]" name="setUpClass" is-config="true" duration-ms="278" started-at="2020-04-07T04:51:45Z" finished-at="2020-04-07T04:51:46Z">
          <reporter-output>
          </reporter-output>
        </test-method> <!-- setUpClass -->
        <test-method status="PASS" signature="feature(cucumber.api.testng.CucumberFeatureWrapper)[pri:0, instance:runner.Runner@646be2c3]" name="feature" duration-ms="26460" started-at="2020-04-07T04:51:46Z" description="Runs Cucumber Feature" data-provider="features" finished-at="2020-04-07T04:52:12Z">
          <params>
            <param index="0">
              <value>
                <![CDATA[Login into application]]>
              </value>
            </param>
          </params>
          <reporter-output>
          </reporter-output>
        </test-method> <!-- feature -->
        <test-method status="PASS" signature="tearDownClass()[pri:0, instance:runner.Runner@646be2c3]" name="tearDownClass" is-config="true" duration-ms="3" started-at="2020-04-07T04:52:12Z" finished-at="2020-04-07T04:52:12Z">
          <reporter-output>
          </reporter-output>
        </test-method> <!-- tearDownClass -->
      </class> <!-- runner.Runner -->
    </test> <!-- Test -->
  </suite> <!-- Suite -->
</testng-results>
